<?xml version="1.0" encoding="UTF-8"?>
<robot generator="Robot 5.0.1 (Python 3.7.5 on win32)" generated="20220708 15:39:43.469" rpa="false" schemaversion="3">
<suite id="s1" name="Robot Interactive Console" source="c:\Users\Wesley Hartman\.vscode\extensions\robocorp.robotframework-lsp-0.48.2\src\robotframework_ls\vendored\robotframework_interactive\robot_interactive_console.robot">
<test id="s1-t1" name="Default Task/Test" line="5">
<kw name="Interpreter Main Loop" library="MainLoop">
<kw name="Log" library="BuiltIn">
<arg>Done</arg>
<doc>Logs the given message with the given level.</doc>
<status status="PASS" starttime="20220708 15:39:44.243" endtime="20220708 15:39:44.243"/>
</kw>
<status status="PASS" starttime="20220708 15:39:43.506" endtime="20220708 17:16:34.679"/>
</kw>
<status status="PASS" starttime="20220708 15:39:43.506" endtime="20220708 17:16:34.684"/>
</test>
<status status="PASS" starttime="20220708 15:39:43.471" endtime="20220708 17:16:34.694"/>
</suite>
<statistics>
<total>
<stat pass="1" fail="0" skip="0">All Tests</stat>
</total>
<tag>
</tag>
<suite>
<stat pass="1" fail="0" skip="0" id="s1" name="Robot Interactive Console">Robot Interactive Console</stat>
</suite>
</statistics>
<errors>
</errors>
</robot>
